[debug] [2020-07-31T12:07:21.930Z] ----------------------------------------------------------------------
[debug] [2020-07-31T12:07:21.933Z] Command:       C:\Program Files\nodejs\node.exe C:\Users\Yonas\AppData\Roaming\npm\node_modules\firebase-tools\lib\bin\firebase.js login
[debug] [2020-07-31T12:07:21.933Z] CLI Version:   8.6.0
[debug] [2020-07-31T12:07:21.934Z] Platform:      win32
[debug] [2020-07-31T12:07:21.934Z] Node Version:  v12.16.1
[debug] [2020-07-31T12:07:21.935Z] Time:          Fri Jul 31 2020 15:07:21 GMT+0300 (GMT+03:00)
[debug] [2020-07-31T12:07:21.935Z] ----------------------------------------------------------------------
[debug] [2020-07-31T12:07:21.935Z] 
[info] i  Firebase optionally collects CLI usage and error reporting information to help improve our products. Data is collected in accordance with Google's privacy policy (https://policies.google.com/privacy) and is not used to identify you.
 
[info] i  To change your data collection preference at any time, run `firebase logout` and log in again. 
[info] 
[info] Visit this URL on this device to log in:
[info] https://accounts.google.com/o/oauth2/auth?client_id=563584335869-fgrhgmd47bqnekij5i8b5pr03ho849e6.apps.googleusercontent.com&scope=email%20openid%20https%3A%2F%2Fwww.googleapis.com%2Fauth%2Fcloudplatformprojects.readonly%20https%3A%2F%2Fwww.googleapis.com%2Fauth%2Ffirebase%20https%3A%2F%2Fwww.googleapis.com%2Fauth%2Fcloud-platform&response_type=code&state=877369309&redirect_uri=http%3A%2F%2Flocalhost%3A9005
[info] 
[info] Waiting for authentication...
[debug] [2020-07-31T12:07:38.316Z] >>> HTTP REQUEST POST https://accounts.google.com/o/oauth2/token  
 {"code":"4/2gEcLtrYIfNtUFKPeBOjNgvVyb_gcc3MRgZ2abATXnDinqSdtu_F0WhA41HRwwkuTGGpKocVgx515vGLgn4MGTY","client_id":"563584335869-fgrhgmd47bqnekij5i8b5pr03ho849e6.apps.googleusercontent.com","client_secret":"j9iVZfS8kkCEFUPaAeJV0sAi","redirect_uri":"http://localhost:9005","grant_type":"authorization_code"}
[debug] [2020-07-31T12:07:38.330Z] Token Fetch Error: FirebaseError: Server Error. getaddrinfo ENOTFOUND accounts.google.com
    at Request._callback (C:\Users\Yonas\AppData\Roaming\npm\node_modules\firebase-tools\lib\api.js:32:31)
    at self.callback (C:\Users\Yonas\AppData\Roaming\npm\node_modules\firebase-tools\node_modules\request\request.js:185:22)
    at Request.emit (events.js:311:20)
    at Request.EventEmitter.emit (domain.js:482:12)
    at Request.onRequestError (C:\Users\Yonas\AppData\Roaming\npm\node_modules\firebase-tools\node_modules\request\request.js:877:8)
    at ClientRequest.emit (events.js:311:20)
    at ClientRequest.EventEmitter.emit (domain.js:482:12)
    at TLSSocket.socketErrorListener (_http_client.js:426:9)
    at TLSSocket.emit (events.js:311:20)
    at TLSSocket.EventEmitter.emit (domain.js:482:12)
    at emitErrorNT (internal/streams/destroy.js:92:8)
    at emitErrorAndCloseNT (internal/streams/destroy.js:60:3)
    at processTicksAndRejections (internal/process/task_queues.js:84:21)
[debug] [2020-07-31T12:09:37.505Z] ----------------------------------------------------------------------
[debug] [2020-07-31T12:09:37.507Z] Command:       C:\Program Files\nodejs\node.exe C:\Users\Yonas\AppData\Roaming\npm\node_modules\firebase-tools\lib\bin\firebase.js login
[debug] [2020-07-31T12:09:37.507Z] CLI Version:   8.6.0
[debug] [2020-07-31T12:09:37.507Z] Platform:      win32
[debug] [2020-07-31T12:09:37.508Z] Node Version:  v12.16.1
[debug] [2020-07-31T12:09:37.509Z] Time:          Fri Jul 31 2020 15:09:37 GMT+0300 (GMT+03:00)
[debug] [2020-07-31T12:09:37.509Z] ----------------------------------------------------------------------
[debug] [2020-07-31T12:09:37.509Z] 
[info] i  Firebase optionally collects CLI usage and error reporting information to help improve our products. Data is collected in accordance with Google's privacy policy (https://policies.google.com/privacy) and is not used to identify you.
 
[info] i  To change your data collection preference at any time, run `firebase logout` and log in again. 
[info] 
[info] Visit this URL on this device to log in:
[info] https://accounts.google.com/o/oauth2/auth?client_id=563584335869-fgrhgmd47bqnekij5i8b5pr03ho849e6.apps.googleusercontent.com&scope=email%20openid%20https%3A%2F%2Fwww.googleapis.com%2Fauth%2Fcloudplatformprojects.readonly%20https%3A%2F%2Fwww.googleapis.com%2Fauth%2Ffirebase%20https%3A%2F%2Fwww.googleapis.com%2Fauth%2Fcloud-platform&response_type=code&state=837645391&redirect_uri=http%3A%2F%2Flocalhost%3A9005
[info] 
[info] Waiting for authentication...
[debug] [2020-07-31T12:10:14.374Z] >>> HTTP REQUEST POST https://accounts.google.com/o/oauth2/token  
 {"code":"4/2gH9WQ6PgM3UQWjA-OShYNukawVGGiCQJ6Rosv5gwnebz9x6qYZm4jkKOIj-z9z2YWgwK392JQ87Ta_lI-XiJno","client_id":"563584335869-fgrhgmd47bqnekij5i8b5pr03ho849e6.apps.googleusercontent.com","client_secret":"j9iVZfS8kkCEFUPaAeJV0sAi","redirect_uri":"http://localhost:9005","grant_type":"authorization_code"}
[debug] [2020-07-31T12:10:26.394Z] Token Fetch Error: FirebaseError: Server Error. getaddrinfo ENOTFOUND accounts.google.com
    at Request._callback (C:\Users\Yonas\AppData\Roaming\npm\node_modules\firebase-tools\lib\api.js:32:31)
    at self.callback (C:\Users\Yonas\AppData\Roaming\npm\node_modules\firebase-tools\node_modules\request\request.js:185:22)
    at Request.emit (events.js:311:20)
    at Request.EventEmitter.emit (domain.js:482:12)
    at Request.onRequestError (C:\Users\Yonas\AppData\Roaming\npm\node_modules\firebase-tools\node_modules\request\request.js:877:8)
    at ClientRequest.emit (events.js:311:20)
    at ClientRequest.EventEmitter.emit (domain.js:482:12)
    at TLSSocket.socketErrorListener (_http_client.js:426:9)
    at TLSSocket.emit (events.js:311:20)
    at TLSSocket.EventEmitter.emit (domain.js:482:12)
    at emitErrorNT (internal/streams/destroy.js:92:8)
    at emitErrorAndCloseNT (internal/streams/destroy.js:60:3)
    at processTicksAndRejections (internal/process/task_queues.js:84:21)
[debug] [2020-07-31T12:12:02.557Z] ----------------------------------------------------------------------
[debug] [2020-07-31T12:12:02.559Z] Command:       C:\Program Files\nodejs\node.exe C:\Users\Yonas\AppData\Roaming\npm\node_modules\firebase-tools\lib\bin\firebase.js login
[debug] [2020-07-31T12:12:02.560Z] CLI Version:   8.6.0
[debug] [2020-07-31T12:12:02.560Z] Platform:      win32
[debug] [2020-07-31T12:12:02.560Z] Node Version:  v12.16.1
[debug] [2020-07-31T12:12:02.561Z] Time:          Fri Jul 31 2020 15:12:02 GMT+0300 (GMT+03:00)
[debug] [2020-07-31T12:12:02.561Z] ----------------------------------------------------------------------
[debug] [2020-07-31T12:12:02.561Z] 
[info] i  Firebase optionally collects CLI usage and error reporting information to help improve our products. Data is collected in accordance with Google's privacy policy (https://policies.google.com/privacy) and is not used to identify you.
 
[info] i  To change your data collection preference at any time, run `firebase logout` and log in again. 
[info] 
[info] Visit this URL on this device to log in:
[info] https://accounts.google.com/o/oauth2/auth?client_id=563584335869-fgrhgmd47bqnekij5i8b5pr03ho849e6.apps.googleusercontent.com&scope=email%20openid%20https%3A%2F%2Fwww.googleapis.com%2Fauth%2Fcloudplatformprojects.readonly%20https%3A%2F%2Fwww.googleapis.com%2Fauth%2Ffirebase%20https%3A%2F%2Fwww.googleapis.com%2Fauth%2Fcloud-platform&response_type=code&state=412372369&redirect_uri=http%3A%2F%2Flocalhost%3A9005
[info] 
[info] Waiting for authentication...
[debug] [2020-07-31T12:12:44.437Z] >>> HTTP REQUEST POST https://accounts.google.com/o/oauth2/token  
 {"code":"4/2gFYCkJsyJnBvZv7RuFX6i3DqdGm0Vmxqw_g5PrNysVUdeG0zkWPB6jQvJSH4SMj3Skk_9n4KwoLJGxKE6IAkxc","client_id":"563584335869-fgrhgmd47bqnekij5i8b5pr03ho849e6.apps.googleusercontent.com","client_secret":"j9iVZfS8kkCEFUPaAeJV0sAi","redirect_uri":"http://localhost:9005","grant_type":"authorization_code"}
[debug] [2020-07-31T12:12:44.444Z] Token Fetch Error: FirebaseError: Server Error. getaddrinfo ENOTFOUND accounts.google.com
    at Request._callback (C:\Users\Yonas\AppData\Roaming\npm\node_modules\firebase-tools\lib\api.js:32:31)
    at self.callback (C:\Users\Yonas\AppData\Roaming\npm\node_modules\firebase-tools\node_modules\request\request.js:185:22)
    at Request.emit (events.js:311:20)
    at Request.EventEmitter.emit (domain.js:482:12)
    at Request.onRequestError (C:\Users\Yonas\AppData\Roaming\npm\node_modules\firebase-tools\node_modules\request\request.js:877:8)
    at ClientRequest.emit (events.js:311:20)
    at ClientRequest.EventEmitter.emit (domain.js:482:12)
    at TLSSocket.socketErrorListener (_http_client.js:426:9)
    at TLSSocket.emit (events.js:311:20)
    at TLSSocket.EventEmitter.emit (domain.js:482:12)
    at emitErrorNT (internal/streams/destroy.js:92:8)
    at emitErrorAndCloseNT (internal/streams/destroy.js:60:3)
    at processTicksAndRejections (internal/process/task_queues.js:84:21)
[debug] [2020-07-31T12:15:13.316Z] ----------------------------------------------------------------------
[debug] [2020-07-31T12:15:13.319Z] Command:       C:\Program Files\nodejs\node.exe C:\Users\Yonas\AppData\Roaming\npm\node_modules\firebase-tools\lib\bin\firebase.js login
[debug] [2020-07-31T12:15:13.320Z] CLI Version:   8.6.0
[debug] [2020-07-31T12:15:13.320Z] Platform:      win32
[debug] [2020-07-31T12:15:13.320Z] Node Version:  v12.16.1
[debug] [2020-07-31T12:15:13.321Z] Time:          Fri Jul 31 2020 15:15:13 GMT+0300 (GMT+03:00)
[debug] [2020-07-31T12:15:13.322Z] ----------------------------------------------------------------------
[debug] [2020-07-31T12:15:13.322Z] 
[info] i  Firebase optionally collects CLI usage and error reporting information to help improve our products. Data is collected in accordance with Google's privacy policy (https://policies.google.com/privacy) and is not used to identify you.
 
[info] i  To change your data collection preference at any time, run `firebase logout` and log in again. 
[info] 
[info] Visit this URL on this device to log in:
[info] https://accounts.google.com/o/oauth2/auth?client_id=563584335869-fgrhgmd47bqnekij5i8b5pr03ho849e6.apps.googleusercontent.com&scope=email%20openid%20https%3A%2F%2Fwww.googleapis.com%2Fauth%2Fcloudplatformprojects.readonly%20https%3A%2F%2Fwww.googleapis.com%2Fauth%2Ffirebase%20https%3A%2F%2Fwww.googleapis.com%2Fauth%2Fcloud-platform&response_type=code&state=389487199&redirect_uri=http%3A%2F%2Flocalhost%3A9005
[info] 
[info] Waiting for authentication...
[debug] [2020-07-31T12:15:47.925Z] >>> HTTP REQUEST POST https://accounts.google.com/o/oauth2/token  
 {"code":"4/2gEzkVhbgv4XSnRFDhGMkyQq7i43PJxesPULhjbJAWxVGwnz-Bzv4vwxcui20xGtCgkmfHgyjsuiIzKGL1WpHzs","client_id":"563584335869-fgrhgmd47bqnekij5i8b5pr03ho849e6.apps.googleusercontent.com","client_secret":"j9iVZfS8kkCEFUPaAeJV0sAi","redirect_uri":"http://localhost:9005","grant_type":"authorization_code"}
[debug] [2020-07-31T12:15:59.939Z] Token Fetch Error: FirebaseError: Server Error. getaddrinfo ENOTFOUND accounts.google.com
    at Request._callback (C:\Users\Yonas\AppData\Roaming\npm\node_modules\firebase-tools\lib\api.js:32:31)
    at self.callback (C:\Users\Yonas\AppData\Roaming\npm\node_modules\firebase-tools\node_modules\request\request.js:185:22)
    at Request.emit (events.js:311:20)
    at Request.EventEmitter.emit (domain.js:482:12)
    at Request.onRequestError (C:\Users\Yonas\AppData\Roaming\npm\node_modules\firebase-tools\node_modules\request\request.js:877:8)
    at ClientRequest.emit (events.js:311:20)
    at ClientRequest.EventEmitter.emit (domain.js:482:12)
    at TLSSocket.socketErrorListener (_http_client.js:426:9)
    at TLSSocket.emit (events.js:311:20)
    at TLSSocket.EventEmitter.emit (domain.js:482:12)
    at emitErrorNT (internal/streams/destroy.js:92:8)
    at emitErrorAndCloseNT (internal/streams/destroy.js:60:3)
    at processTicksAndRejections (internal/process/task_queues.js:84:21)
